<?xml version="1.0" encoding="UTF-8"?>
<testsuite xmlns:xsi="http://www.w3.org/2001/XMLSchema-instance" xsi:noNamespaceSchemaLocation="https://maven.apache.org/surefire/maven-surefire-plugin/xsd/surefire-test-report-3.0.xsd" version="3.0" name="com.example.order.OrderProcessorTest" time="1.662" tests="10" errors="0" skipped="0" failures="0">
  <properties>
[...]
</properties>
  <testcase name="processOrder_happyPath_returnsCompletedStatus" classname="com.example.order.OrderProcessorTest" time="0.949">
    <system-err><![CDATA[WARNING: A Java agent has been loaded dynamically (C:\Users\Solomiia\.m2\repository\net\bytebuddy\byte-buddy-agent\1.14.12\byte-buddy-agent-1.14.12.jar)
WARNING: If a serviceability tool is in use, please run with -XX:+EnableDynamicAgentLoading to hide this warning
WARNING: If a serviceability tool is not in use, please run with -Djdk.instrument.traceUsage for more information
WARNING: Dynamic loading of agents will be disallowed by default in a future release
]]></system-err>
  </testcase>
  <testcase name="processOrder_outOfStock_returnsOutOfStockStatus" classname="com.example.order.OrderProcessorTest" time="0.007"/>
  <testcase name="processOrder_happyPath_softAssertionsOnOrderState" classname="com.example.order.OrderProcessorTest" time="0.625"/>
  <testcase name="processBatch_extractingOrderIds" classname="com.example.order.OrderProcessorTest" time="0.016"/>
  <testcase name="processOrder_calledTwice_reserveInvokedTwoTimes" classname="com.example.order.OrderProcessorTest" time="0.006"/>
  <testcase name="processOrder_happyPath_verifiesNotificationCalled" classname="com.example.order.OrderProcessorTest" time="0.006"/>
  <testcase name="processOrder_paymentFails_returnsPaymentFailedStatus" classname="com.example.order.OrderProcessorTest" time="0.003"/>
  <testcase name="processBatch_emptyInput_returnsEmptyList" classname="com.example.order.OrderProcessorTest" time="0.005"/>
  <testcase name="processBatch_mixedOrders_returnsOnlyCompletedOnes" classname="com.example.order.OrderProcessorTest" time="0.006"/>
  <testcase name="processOrder_outOfStock_paymentAndReserveNeverCalled" classname="com.example.order.OrderProcessorTest" time="0.004"/>
</testsuite>